0 info it worked if it ends with ok
1 verbose cli [ 'node',
1 verbose cli   '/home/nick/.linuxbrew/bin/npm',
1 verbose cli   'install',
1 verbose cli   '--save',
1 verbose cli   'path' ]
2 info using npm@2.12.1
3 info using node@v0.10.25
4 verbose node symlink /usr/bin/node
5 verbose install initial load of /home/nick/FullStack Academy/98.side-projects/05.book-club/package.json
6 warn package.json 05.book-club@1.0.0 No description
7 warn package.json 05.book-club@1.0.0 No repository field.
8 warn package.json 05.book-club@1.0.0 No README data
9 verbose installManyTop reading scoped package data from /home/nick/FullStack Academy/98.side-projects/05.book-club/node_modules/angular/package.json
10 verbose installManyTop reading scoped package data from /home/nick/FullStack Academy/98.side-projects/05.book-club/node_modules/angular-ui-router/package.json
11 verbose installManyTop reading scoped package data from /home/nick/FullStack Academy/98.side-projects/05.book-club/node_modules/body-parser/package.json
12 verbose installManyTop reading scoped package data from /home/nick/FullStack Academy/98.side-projects/05.book-club/node_modules/chalk/package.json
13 verbose installManyTop reading scoped package data from /home/nick/FullStack Academy/98.side-projects/05.book-club/node_modules/express/package.json
14 verbose installManyTop reading scoped package data from /home/nick/FullStack Academy/98.side-projects/05.book-club/node_modules/mongoose/package.json
15 info package.json angular-ui-router@0.2.15 No license field.
16 verbose readDependencies loading dependencies from /home/nick/FullStack Academy/98.side-projects/05.book-club/package.json
17 silly cache add args [ 'path', null ]
18 verbose cache add spec path
19 silly cache add parsed spec { raw: 'path',
19 silly cache add   scope: null,
19 silly cache add   name: 'path',
19 silly cache add   rawSpec: '',
19 silly cache add   spec: '*',
19 silly cache add   type: 'range' }
20 silly addNamed path@*
21 verbose addNamed "*" is a valid semver range for path
22 silly addNameRange { name: 'path', range: '*', hasData: false }
23 silly mapToRegistry name path
24 silly mapToRegistry using default registry
25 silly mapToRegistry registry https://registry.npmjs.org/
26 silly mapToRegistry uri https://registry.npmjs.org/path
27 verbose addNameRange registry:https://registry.npmjs.org/path not in flight; fetching
28 verbose request uri https://registry.npmjs.org/path
29 verbose request no auth needed
30 info attempt registry request try #1 at 13:11:22
31 verbose request id 69b8cb62fc8273e2
32 http request GET https://registry.npmjs.org/path
33 info retry will retry, error on last attempt: Error: getaddrinfo ENOTFOUND
34 info attempt registry request try #2 at 13:11:32
35 http request GET https://registry.npmjs.org/path
36 info retry will retry, error on last attempt: Error: getaddrinfo ENOTFOUND
37 info attempt registry request try #3 at 13:12:32
38 http request GET https://registry.npmjs.org/path
39 verbose stack Error: getaddrinfo ENOTFOUND
39 verbose stack     at errnoException (dns.js:37:11)
39 verbose stack     at Object.onanswer [as oncomplete] (dns.js:124:16)
40 verbose cwd /home/nick/FullStack Academy/98.side-projects/05.book-club
41 error Linux 3.16.0-38-generic
42 error argv "node" "/home/nick/.linuxbrew/bin/npm" "install" "--save" "path"
43 error node v0.10.25
44 error npm  v2.12.1
45 error code ENOTFOUND
46 error errno ENOTFOUND
47 error syscall getaddrinfo
48 error network getaddrinfo ENOTFOUND
48 error network This is most likely not a problem with npm itself
48 error network and is related to network connectivity.
48 error network In most cases you are behind a proxy or have bad network settings.
48 error network
48 error network If you are behind a proxy, please make sure that the
48 error network 'proxy' config is set properly.  See: 'npm help config'
49 verbose exit [ 1, true ]
